<?xml version="1.0" encoding="UTF-8"?>
<!-- Generated by org.testng.reporters.JUnitReportReporter -->
<testsuite hostname="DESKTOP-75VEL8U" failures="0" tests="1" name="RSETestCases.logintestcases" time="4.043" errors="0" timestamp="2025-08-05T21:35:50 IST" skipped="0">
  <testcase classname="RSETestCases.logintestcases" name="logindone" time="4.043"/>
</testsuite> <!-- RSETestCases.logintestcases -->
