<?xml version="1.0" encoding="UTF-8"?>
<!-- Generated by org.testng.reporters.JUnitReportReporter -->
<testsuite hostname="DESKTOP-75VEL8U" failures="0" tests="1" name="RSETestCases.logintestcases" time="5.173" errors="0" timestamp="2025-08-04T23:26:10 IST" skipped="0">
  <testcase classname="RSETestCases.logintestcases" name="logindone" time="5.173"/>
</testsuite> <!-- RSETestCases.logintestcases -->
